[debug] [2021-06-22T07:54:47.529Z] ----------------------------------------------------------------------
[debug] [2021-06-22T07:54:47.532Z] Command:       C:\Program Files\nodejs\node.exe C:\Users\Lenovo\AppData\Roaming\npm\node_modules\firebase-tools\lib\bin\firebase.js init
[debug] [2021-06-22T07:54:47.532Z] CLI Version:   9.14.0
[debug] [2021-06-22T07:54:47.532Z] Platform:      win32
[debug] [2021-06-22T07:54:47.532Z] Node Version:  v12.19.0
[debug] [2021-06-22T07:54:47.534Z] Time:          Tue Jun 22 2021 10:54:47 GMT+0300 (GMT+03:00)
[debug] [2021-06-22T07:54:47.535Z] ----------------------------------------------------------------------
[debug] 
[debug] [2021-06-22T07:54:47.536Z] >>> [apiv2][query] GET https://firebase-public.firebaseio.com/cli.json [none]
[debug] [2021-06-22T07:54:47.558Z] > command requires scopes: ["email","openid","https://www.googleapis.com/auth/cloudplatformprojects.readonly","https://www.googleapis.com/auth/firebase","https://www.googleapis.com/auth/cloud-platform"]
[debug] [2021-06-22T07:54:47.559Z] > authorizing via signed-in user (vottotplease@gmail.com)
[info] 
     ######## #### ########  ######## ########     ###     ######  ########
     ##        ##  ##     ## ##       ##     ##  ##   ##  ##       ##
     ######    ##  ########  ######   ########  #########  ######  ######
     ##        ##  ##    ##  ##       ##     ## ##     ##       ## ##
     ##       #### ##     ## ######## ########  ##     ##  ######  ########

You're about to initialize a Firebase project in this directory:

  C:\Users\Lenovo\IdeaProjects\angular\WebParking

[debug] [2021-06-22T07:54:48.136Z] <<< [apiv2][status] GET https://firebase-public.firebaseio.com/cli.json 200
[debug] [2021-06-22T07:54:48.137Z] <<< [apiv2][body] GET https://firebase-public.firebaseio.com/cli.json {"cloudBuildErrorAfter":1594252800000,"cloudBuildWarnAfter":1590019200000,"defaultNode10After":1594252800000,"minVersion":"3.0.5","node8DeploysDisabledAfter":1613390400000,"node8RuntimeDisabledAfter":1615809600000,"node8WarnAfter":1600128000000}
